nohup: appending output to ‘nohup.out’
time="2022-09-17T18:02:04+07:00" level=info msg="Starting http server 7080"
time="2022-09-17T22:14:40+07:00" level=error msg="Failed to send transaction" error="insufficient funds for gas * price + value"
time="2022-09-17T22:14:54+07:00" level=error msg="Failed to send transaction" error="insufficient funds for gas * price + value"
time="2022-09-17T22:26:51+07:00" level=error msg="Failed to send transaction" error="insufficient funds for gas * price + value"
time="2022-09-17T22:26:56+07:00" level=error msg="Failed to send transaction" error="insufficient funds for gas * price + value"
time="2022-09-17T22:27:08+07:00" level=error msg="Failed to send transaction" error="insufficient funds for gas * price + value"
time="2022-09-17T22:27:13+07:00" level=error msg="Failed to send transaction" error="insufficient funds for gas * price + value"
time="2022-09-17T22:27:42+07:00" level=error msg="Failed to send transaction" error="insufficient funds for gas * price + value"
time="2022-09-17T22:30:07+07:00" level=error msg="Failed to send transaction" error="insufficient funds for gas * price + value"
time="2022-09-17T22:30:11+07:00" level=error msg="Failed to send transaction" error="insufficient funds for gas * price + value"
time="2022-09-17T22:33:45+07:00" level=error msg="Failed to send transaction" error="insufficient funds for gas * price + value"
time="2022-09-17T22:33:49+07:00" level=error msg="Failed to send transaction" error="insufficient funds for gas * price + value"
time="2022-09-17T22:33:51+07:00" level=error msg="Failed to send transaction" error="insufficient funds for gas * price + value"
time="2022-09-17T22:34:35+07:00" level=error msg="Failed to send transaction" error="insufficient funds for gas * price + value"
time="2022-09-17T22:34:39+07:00" level=error msg="Failed to send transaction" error="insufficient funds for gas * price + value"
time="2022-09-17T22:35:47+07:00" level=error msg="Failed to send transaction" error="insufficient funds for gas * price + value"
time="2022-09-17T22:36:35+07:00" level=error msg="Failed to send transaction" error="insufficient funds for gas * price + value"
time="2022-09-17T22:36:38+07:00" level=error msg="Failed to send transaction" error="insufficient funds for gas * price + value"
time="2022-09-17T22:41:07+07:00" level=error msg="Failed to send transaction" error="insufficient funds for gas * price + value"
time="2022-09-17T22:50:30+07:00" level=error msg="Failed to send transaction" error="insufficient funds for gas * price + value"
time="2022-09-17T22:51:04+07:00" level=error msg="Failed to send transaction" error="insufficient funds for gas * price + value"
time="2022-09-17T22:57:08+07:00" level=error msg="Failed to send transaction" error="insufficient funds for gas * price + value"
time="2022-09-17T23:04:20+07:00" level=error msg="Failed to send transaction" error="insufficient funds for gas * price + value"
time="2022-09-17T23:12:16+07:00" level=error msg="Failed to send transaction" error="insufficient funds for gas * price + value"
time="2022-09-17T23:12:41+07:00" level=error msg="Failed to send transaction" error="insufficient funds for gas * price + value"
time="2022-09-17T23:16:55+07:00" level=info msg="Funded directly successfully" address=0x0BC58f09ab760fDAba1793d1354e65e8b873C4bf txHash=0xc8f4cb0655a49503a5fae8dc1ba284142ba755fa569adbf13c2cfb7bfc260ae0
time="2022-09-17T23:16:55+07:00" level=info msg="Maximum request limit has been reached" address=0x0BC58f09ab760fDAba1793d1354e65e8b873C4bf clientIP=127.0.0.1
time="2022-09-17T23:20:21+07:00" level=info msg="Funded directly successfully" address=0xDa53C990690AEa5d5cD49982D822CA35277086a6 txHash=0xc696618d1553e4615a2a11951ca1e53749d5e85927986c4c7ed0658d1f895b56
time="2022-09-17T23:20:21+07:00" level=info msg="Maximum request limit has been reached" address=0xDa53C990690AEa5d5cD49982D822CA35277086a6 clientIP="::1"
time="2022-09-18T23:49:16+07:00" level=info msg="Funded directly successfully" address=0x70955c73A41591902343D04fF5C068D654A556fF txHash=0x0a87f75e616bc7bc7f96dd2f8be67aaaa27cdef639b3d356804d430d1f3faa15
time="2022-09-18T23:49:16+07:00" level=info msg="Maximum request limit has been reached" address=0x70955c73A41591902343D04fF5C068D654A556fF clientIP="::1"
time="2022-09-18T23:55:04+07:00" level=info msg="Funded directly successfully" address=0xEc6dE84B711dcDFE08Ba2a30f4b11fb1815AFb9d txHash=0x6b1d7f7a43702e1ce148cb12e9d034741bbedeecfd8ce0541857623c8045ace6
time="2022-09-18T23:55:04+07:00" level=info msg="Maximum request limit has been reached" address=0xEc6dE84B711dcDFE08Ba2a30f4b11fb1815AFb9d clientIP=127.0.0.1
nohup: appending output to ‘nohup.out’
flag provided but not defined: -faucet.minutes
Usage of ./eth-faucet:
  -chainname string
    	Network name to display on the frontend (default "testnet")
  -httpport int
    	Listener port to serve HTTP connection (default 8080)
  -interval int
    	Number of minutes to wait between funding rounds (default 1440)
  -payout int
    	Number of Ethers to transfer per user request (default 1)
  -proxycount int
    	Count of reverse proxies in front of the server
  -queuecap int
    	Maximum transactions waiting to be sent (default 100)
  -v	Print version number
nohup: appending output to ‘nohup.out’
flag provided but not defined: -faucet.minutes
Usage of ./eth-faucet:
  -chainname string
    	Network name to display on the frontend (default "testnet")
  -httpport int
    	Listener port to serve HTTP connection (default 8080)
  -interval int
    	Number of minutes to wait between funding rounds (default 1440)
  -payout int
    	Number of Ethers to transfer per user request (default 1)
  -proxycount int
    	Count of reverse proxies in front of the server
  -queuecap int
    	Maximum transactions waiting to be sent (default 100)
  -v	Print version number
nohup: appending output to ‘nohup.out’
time="2022-09-19T08:57:57+07:00" level=info msg="Starting http server 7080"
time="2022-09-19T08:58:47+07:00" level=info msg="Funded directly successfully" address=0xBa3CDda6d6A9806D471762164E2f03aD62b894C5 txHash=0x1b4541cfcd00d977f662e224658546117c7ffac6968ab681db19c0881040b258
time="2022-09-19T08:58:47+07:00" level=info msg="Maximum request limit has been reached" address=0xBa3CDda6d6A9806D471762164E2f03aD62b894C5 clientIP=127.0.0.1
time="2022-09-19T08:58:50+07:00" level=info msg="Funded directly successfully" address=0x07a6AfF4483Ebf5BcEB305198b84121056F936C3 txHash=0x53939301acc6b981fc34775f83fa3655f187f8e6a6322d8fe0823983f1814a26
time="2022-09-19T08:58:50+07:00" level=info msg="Maximum request limit has been reached" address=0x07a6AfF4483Ebf5BcEB305198b84121056F936C3 clientIP="::1"
time="2022-09-19T09:01:29+07:00" level=info msg="Funded directly successfully" address=0xEcc482f573FeB64A854242003d9f05785B014Aa9 txHash=0xa1bf9f764ba015b6593f54f4ed81437b5d8a1edbc58a4b6a0ba5b8d3bcbd8050
time="2022-09-19T09:01:29+07:00" level=info msg="Maximum request limit has been reached" address=0xEcc482f573FeB64A854242003d9f05785B014Aa9 clientIP=127.0.0.1
time="2022-09-19T09:11:16+07:00" level=info msg="Funded directly successfully" address=0xf99613B4AE868b1aB1219Ba4FAf933DA928EA8ec txHash=0xd8876b6fa4b7954f2a1f5e1b5b1a32aa2e9282ce30ac01f2f35e985fc3ae7164
time="2022-09-19T09:11:16+07:00" level=info msg="Maximum request limit has been reached" address=0xf99613B4AE868b1aB1219Ba4FAf933DA928EA8ec clientIP="::1"
time="2022-09-19T09:12:20+07:00" level=info msg="Funded directly successfully" address=0x51137c231cbD27164993AB8260b55f2520007AbA txHash=0x0179dfd42ca40b0cb92cc4d90847e3a90deccf231988134aa98d7567dde19dfe
time="2022-09-19T09:12:20+07:00" level=info msg="Maximum request limit has been reached" address=0x51137c231cbD27164993AB8260b55f2520007AbA clientIP=127.0.0.1
time="2022-09-19T09:13:06+07:00" level=info msg="Funded directly successfully" address=0x9AfD8e02B58a9eD96B2f02672e88FC8Abab2A00a txHash=0x01a26134a58a7b1e46da058a40ad6fe852430c30b97e56dc747b9f6bd74ccd49
time="2022-09-19T09:13:06+07:00" level=info msg="Maximum request limit has been reached" address=0x9AfD8e02B58a9eD96B2f02672e88FC8Abab2A00a clientIP="::1"
time="2022-09-19T09:13:27+07:00" level=info msg="Funded directly successfully" address=0xc0eDB2141963bcceCA5d749248f0f7876671eaf2 txHash=0x4f42e6fd761a586a56e67410cc21a26081eb8439f24e4cfd83f4129aa6b12681
time="2022-09-19T09:13:27+07:00" level=info msg="Maximum request limit has been reached" address=0xc0eDB2141963bcceCA5d749248f0f7876671eaf2 clientIP=127.0.0.1
time="2022-09-19T09:14:18+07:00" level=info msg="Funded directly successfully" address=0x51137c231cbD27164993AB8260b55f2520007AbA txHash=0x22ac17099e1aa89e3041cc83ce0d283ad70693520b3378c28a04ebf71bbabe93
time="2022-09-19T09:14:18+07:00" level=info msg="Maximum request limit has been reached" address=0x51137c231cbD27164993AB8260b55f2520007AbA clientIP="::1"
time="2022-09-19T09:14:39+07:00" level=info msg="Funded directly successfully" address=0xc0eDB2141963bcceCA5d749248f0f7876671eaf2 txHash=0xf64a3353950ca94661bd9162f1f5b35200c32d147033e285022a012cdcafb701
time="2022-09-19T09:14:39+07:00" level=info msg="Maximum request limit has been reached" address=0xc0eDB2141963bcceCA5d749248f0f7876671eaf2 clientIP=127.0.0.1
time="2022-09-19T09:15:24+07:00" level=info msg="Funded directly successfully" address=0x51137c231cbD27164993AB8260b55f2520007AbA txHash=0x8785d346f0c076818108d326de522fb690caf8eb5c6c71e725c6f3ea18a192fd
time="2022-09-19T09:15:24+07:00" level=info msg="Maximum request limit has been reached" address=0x51137c231cbD27164993AB8260b55f2520007AbA clientIP="::1"
time="2022-09-19T09:16:30+07:00" level=info msg="Funded directly successfully" address=0xc0eDB2141963bcceCA5d749248f0f7876671eaf2 txHash=0x4a1b26e2acfe77187020a1ab9f1c3f4451e37220fc523a23c343b29ccb4c4672
time="2022-09-19T09:16:30+07:00" level=info msg="Maximum request limit has been reached" address=0xc0eDB2141963bcceCA5d749248f0f7876671eaf2 clientIP=127.0.0.1
time="2022-09-19T09:16:33+07:00" level=info msg="Funded directly successfully" address=0x611D92a81d22F7e695420C591c1e0d1915F7dF7b txHash=0x6e4cb79e2b61081f51c2decc82822d88e60139e04e81b90a9f20e6da64c52829
time="2022-09-19T09:16:33+07:00" level=info msg="Maximum request limit has been reached" address=0x611D92a81d22F7e695420C591c1e0d1915F7dF7b clientIP="::1"
time="2022-09-19T09:18:02+07:00" level=info msg="Funded directly successfully" address=0xc0eDB2141963bcceCA5d749248f0f7876671eaf2 txHash=0xae42e1879d9b15287141e06d638b2ba0e4389b723f6279305080f843dcf1fbe0
time="2022-09-19T09:18:02+07:00" level=info msg="Maximum request limit has been reached" address=0xc0eDB2141963bcceCA5d749248f0f7876671eaf2 clientIP="::1"
time="2022-09-19T09:18:52+07:00" level=info msg="Funded directly successfully" address=0x51137c231cbD27164993AB8260b55f2520007AbA txHash=0x4f471702d17b8b887d9b8fd53bb217594267d6747784c1db42eaa57fca9109ff
time="2022-09-19T09:18:52+07:00" level=info msg="Maximum request limit has been reached" address=0x51137c231cbD27164993AB8260b55f2520007AbA clientIP=127.0.0.1
time="2022-09-19T09:19:06+07:00" level=info msg="Funded directly successfully" address=0xc0eDB2141963bcceCA5d749248f0f7876671eaf2 txHash=0xd4cec638376ffe08e0119511bcbfec8b6cfe362676a6e047f69129d04241ea15
time="2022-09-19T09:19:06+07:00" level=info msg="Maximum request limit has been reached" address=0xc0eDB2141963bcceCA5d749248f0f7876671eaf2 clientIP="::1"
time="2022-09-19T09:20:03+07:00" level=info msg="Funded directly successfully" address=0x51137c231cbD27164993AB8260b55f2520007AbA txHash=0xa2a62151b1771e66b2c502daadde9f78876fb06cb8ca20baef797f3d571fe441
time="2022-09-19T09:20:03+07:00" level=info msg="Maximum request limit has been reached" address=0x51137c231cbD27164993AB8260b55f2520007AbA clientIP=127.0.0.1
time="2022-09-19T09:20:17+07:00" level=info msg="Funded directly successfully" address=0xc0eDB2141963bcceCA5d749248f0f7876671eaf2 txHash=0xec577f2dd08494c7cd3c485453676d804f06180661ee3e64e3a4b853a2c0c153
time="2022-09-19T09:20:17+07:00" level=info msg="Maximum request limit has been reached" address=0xc0eDB2141963bcceCA5d749248f0f7876671eaf2 clientIP="::1"
time="2022-09-19T09:21:06+07:00" level=info msg="Funded directly successfully" address=0x51137c231cbD27164993AB8260b55f2520007AbA txHash=0xbdfbd933dbb9211a5e3e9a16674eaafa8be5ecb9f6e6a11621817535d210806c
time="2022-09-19T09:21:06+07:00" level=info msg="Maximum request limit has been reached" address=0x51137c231cbD27164993AB8260b55f2520007AbA clientIP=127.0.0.1
time="2022-09-19T09:21:20+07:00" level=info msg="Funded directly successfully" address=0xc0eDB2141963bcceCA5d749248f0f7876671eaf2 txHash=0x215fc2d613647db88fa1632ea8db25cf270d54be850d0194b51e58f2d5ee521e
time="2022-09-19T09:21:20+07:00" level=info msg="Maximum request limit has been reached" address=0xc0eDB2141963bcceCA5d749248f0f7876671eaf2 clientIP="::1"
time="2022-09-19T09:22:20+07:00" level=info msg="Funded directly successfully" address=0xc0eDB2141963bcceCA5d749248f0f7876671eaf2 txHash=0xfe2d1448d4fd5ca0ff68e5444b021ac81a19dfca3e9f8c2d86a02dab47bbe053
time="2022-09-19T09:22:20+07:00" level=info msg="Maximum request limit has been reached" address=0xc0eDB2141963bcceCA5d749248f0f7876671eaf2 clientIP="::1"
time="2022-09-19T09:23:21+07:00" level=info msg="Funded directly successfully" address=0xc0eDB2141963bcceCA5d749248f0f7876671eaf2 txHash=0xb73345ee2b85c8f0d40fffbd736a7845531f7fd3dd955296fcbe91fd589d494e
time="2022-09-19T09:23:21+07:00" level=info msg="Maximum request limit has been reached" address=0xc0eDB2141963bcceCA5d749248f0f7876671eaf2 clientIP=127.0.0.1
time="2022-09-19T09:23:34+07:00" level=info msg="Funded directly successfully" address=0x51137c231cbD27164993AB8260b55f2520007AbA txHash=0xb31ec25c9a381f9aaa580e305e1fe82cf9ad5a02380210416a7bfed88edccaf7
time="2022-09-19T09:23:34+07:00" level=info msg="Maximum request limit has been reached" address=0x51137c231cbD27164993AB8260b55f2520007AbA clientIP="::1"
time="2022-09-19T09:45:50+07:00" level=info msg="Funded directly successfully" address=0xc0eDB2141963bcceCA5d749248f0f7876671eaf2 txHash=0x345abbea57d5303c8c2a913331fed8422a5de890b5bed8caa4f1cdf77781e8f3
time="2022-09-19T09:45:50+07:00" level=info msg="Maximum request limit has been reached" address=0xc0eDB2141963bcceCA5d749248f0f7876671eaf2 clientIP="::1"
time="2022-09-19T09:46:51+07:00" level=info msg="Funded directly successfully" address=0xc0eDB2141963bcceCA5d749248f0f7876671eaf2 txHash=0x87e0c9c87a9b1abb45d9496e20179424e3f469dd010de5958afb2c61994d6c96
time="2022-09-19T09:46:51+07:00" level=info msg="Maximum request limit has been reached" address=0xc0eDB2141963bcceCA5d749248f0f7876671eaf2 clientIP=127.0.0.1
time="2022-09-19T09:47:52+07:00" level=info msg="Funded directly successfully" address=0xc0eDB2141963bcceCA5d749248f0f7876671eaf2 txHash=0x2e80b7f79d3dfcdedc474560f73ae5d90527564191e373e578306c4dbc768caf
time="2022-09-19T09:47:52+07:00" level=info msg="Maximum request limit has been reached" address=0xc0eDB2141963bcceCA5d749248f0f7876671eaf2 clientIP=127.0.0.1
time="2022-09-19T10:59:10+07:00" level=info msg="Funded directly successfully" address=0xc0eDB2141963bcceCA5d749248f0f7876671eaf2 txHash=0x42195e40e3c7f7672af0208ee922c6060d3fdfd04b496be620774dea909e48e2
time="2022-09-19T10:59:10+07:00" level=info msg="Maximum request limit has been reached" address=0xc0eDB2141963bcceCA5d749248f0f7876671eaf2 clientIP=127.0.0.1
time="2022-09-19T11:16:28+07:00" level=info msg="Funded directly successfully" address=0xc0eDB2141963bcceCA5d749248f0f7876671eaf2 txHash=0x092547b2a0aea81f10d1836171e9d9d0221bd7dd499706e90c2fac4efe006aed
time="2022-09-19T11:16:28+07:00" level=info msg="Maximum request limit has been reached" address=0xc0eDB2141963bcceCA5d749248f0f7876671eaf2 clientIP=127.0.0.1
time="2022-09-19T11:18:12+07:00" level=info msg="Funded directly successfully" address=0xc0eDB2141963bcceCA5d749248f0f7876671eaf2 txHash=0x9fe0f768a198353858c83d955dc7fb09f8cea6b503a99cef98c1d53f27b585f7
time="2022-09-19T11:18:12+07:00" level=info msg="Maximum request limit has been reached" address=0xc0eDB2141963bcceCA5d749248f0f7876671eaf2 clientIP=127.0.0.1
time="2022-09-19T11:19:13+07:00" level=info msg="Funded directly successfully" address=0xc0eDB2141963bcceCA5d749248f0f7876671eaf2 txHash=0x6eb6ba186af119489b1af9832a27abb2f185ff7ad68bd75bfcdabe6178f0ee6f
time="2022-09-19T11:19:13+07:00" level=info msg="Maximum request limit has been reached" address=0xc0eDB2141963bcceCA5d749248f0f7876671eaf2 clientIP="::1"
time="2022-09-19T12:11:42+07:00" level=info msg="Funded directly successfully" address=0xc0eDB2141963bcceCA5d749248f0f7876671eaf2 txHash=0x63d9a3cad49a150f9c5fea31153609b0df4eb913c0235ba4fa0a9b70e6d1044d
time="2022-09-19T12:11:42+07:00" level=info msg="Maximum request limit has been reached" address=0xc0eDB2141963bcceCA5d749248f0f7876671eaf2 clientIP=127.0.0.1
time="2022-09-19T12:29:23+07:00" level=info msg="Funded directly successfully" address=0xA749F6C4163A359ab7eAbFa7DeCc151067F3687A txHash=0x4f0307f2cb6e8d1f6200b9c8e8fdae27baa09afed478c553c771bb843d5ee672
time="2022-09-19T12:29:23+07:00" level=info msg="Maximum request limit has been reached" address=0xA749F6C4163A359ab7eAbFa7DeCc151067F3687A clientIP=127.0.0.1
time="2022-09-19T12:29:43+07:00" level=info msg="Funded directly successfully" address=0xD8556b612d9E8c52C969F1A69Df14d65830aaBA4 txHash=0x95b08d79f190feddc48b80d43944c39dc81b3a848781c3741992a06553979b74
time="2022-09-19T12:29:43+07:00" level=info msg="Maximum request limit has been reached" address=0xD8556b612d9E8c52C969F1A69Df14d65830aaBA4 clientIP="::1"
time="2022-09-19T12:30:48+07:00" level=info msg="Funded directly successfully" address=0xA749F6C4163A359ab7eAbFa7DeCc151067F3687A txHash=0xfd87e6e00be14e28874da22dd05e47df36458e65ff7ee7d7978fa27f944dd694
time="2022-09-19T12:30:48+07:00" level=info msg="Maximum request limit has been reached" address=0xA749F6C4163A359ab7eAbFa7DeCc151067F3687A clientIP="::1"
time="2022-09-19T12:31:54+07:00" level=info msg="Funded directly successfully" address=0xA749F6C4163A359ab7eAbFa7DeCc151067F3687A txHash=0x232c22a38bc2982784a223d72ee43f493e7b3f614eb544adaff68dfd3393181e
time="2022-09-19T12:31:54+07:00" level=info msg="Maximum request limit has been reached" address=0xA749F6C4163A359ab7eAbFa7DeCc151067F3687A clientIP=127.0.0.1
time="2022-09-19T12:34:14+07:00" level=info msg="Funded directly successfully" address=0xc0eDB2141963bcceCA5d749248f0f7876671eaf2 txHash=0x17bc1d5608d577cbef898f79dd41a617074f6d233c759aa10080f5cda39e007e
time="2022-09-19T12:34:14+07:00" level=info msg="Maximum request limit has been reached" address=0xc0eDB2141963bcceCA5d749248f0f7876671eaf2 clientIP="::1"
time="2022-09-19T12:38:37+07:00" level=info msg="Funded directly successfully" address=0xc0eDB2141963bcceCA5d749248f0f7876671eaf2 txHash=0xb1967a2a21e9e1466199a103251922444aafbd116ebce0e9af2a55ab9d73f2b4
time="2022-09-19T12:38:37+07:00" level=info msg="Maximum request limit has been reached" address=0xc0eDB2141963bcceCA5d749248f0f7876671eaf2 clientIP=127.0.0.1
time="2022-09-19T12:46:25+07:00" level=info msg="Funded directly successfully" address=0xA749F6C4163A359ab7eAbFa7DeCc151067F3687A txHash=0xc527e87a424d6651c8c1ab2baefea98322bbb5d6257fcf09b240cfdedd822ff3
time="2022-09-19T12:46:25+07:00" level=info msg="Maximum request limit has been reached" address=0xA749F6C4163A359ab7eAbFa7DeCc151067F3687A clientIP="::1"
time="2022-09-19T12:47:42+07:00" level=info msg="Funded directly successfully" address=0xA749F6C4163A359ab7eAbFa7DeCc151067F3687A txHash=0x95dcafa4c3e89a303d205bc979bf70b7d3dff99e6db67b3f50173cd12c3b29f9
time="2022-09-19T12:47:42+07:00" level=info msg="Maximum request limit has been reached" address=0xA749F6C4163A359ab7eAbFa7DeCc151067F3687A clientIP="::1"
time="2022-09-19T12:49:34+07:00" level=info msg="Funded directly successfully" address=0xA749F6C4163A359ab7eAbFa7DeCc151067F3687A txHash=0x499ebed8b385b862562facab1f1513420a8e5a31931c49826e69a838dff4ae0a
time="2022-09-19T12:49:34+07:00" level=info msg="Maximum request limit has been reached" address=0xA749F6C4163A359ab7eAbFa7DeCc151067F3687A clientIP=127.0.0.1
time="2022-09-19T12:51:10+07:00" level=info msg="Funded directly successfully" address=0xA749F6C4163A359ab7eAbFa7DeCc151067F3687A txHash=0xd0c05e225b8fb0aaa05bd4a04a6f70be300399ea01de499e9dee79f5a5172567
time="2022-09-19T12:51:10+07:00" level=info msg="Maximum request limit has been reached" address=0xA749F6C4163A359ab7eAbFa7DeCc151067F3687A clientIP="::1"
time="2022-09-19T12:52:27+07:00" level=info msg="Funded directly successfully" address=0xA2Df69ABb3538335e0b6284a88119AB9Bba7EB81 txHash=0xe59561aa1ca7142eaf71cedb644a35459315eec73e98f57075bd479d4fb1f2db
time="2022-09-19T12:52:27+07:00" level=info msg="Maximum request limit has been reached" address=0xA2Df69ABb3538335e0b6284a88119AB9Bba7EB81 clientIP=127.0.0.1
time="2022-09-19T12:53:27+07:00" level=info msg="Funded directly successfully" address=0xA2Df69ABb3538335e0b6284a88119AB9Bba7EB81 txHash=0x64993c623cd4cfeba9637d92590e6e3ef4c341159fa298c35302e28e3c673e7f
time="2022-09-19T12:53:27+07:00" level=info msg="Maximum request limit has been reached" address=0xA2Df69ABb3538335e0b6284a88119AB9Bba7EB81 clientIP="::1"
time="2022-09-19T12:56:10+07:00" level=info msg="Funded directly successfully" address=0xA749F6C4163A359ab7eAbFa7DeCc151067F3687A txHash=0xec05fcb5f406890c6d0daa77b8c6a8dfbb9b5b32af7d9e6b44dbada9d1f6e211
time="2022-09-19T12:56:10+07:00" level=info msg="Maximum request limit has been reached" address=0xA749F6C4163A359ab7eAbFa7DeCc151067F3687A clientIP=127.0.0.1
time="2022-09-19T12:57:22+07:00" level=info msg="Funded directly successfully" address=0xA749F6C4163A359ab7eAbFa7DeCc151067F3687A txHash=0x8732cbdb3d90798b890ae9efecd108f9e2f7f45e166cd9283cb9d2882922e7ca
time="2022-09-19T12:57:22+07:00" level=info msg="Maximum request limit has been reached" address=0xA749F6C4163A359ab7eAbFa7DeCc151067F3687A clientIP="::1"
time="2022-09-19T13:02:59+07:00" level=info msg="Funded directly successfully" address=0xA749F6C4163A359ab7eAbFa7DeCc151067F3687A txHash=0xd0e061a8b6162eafd457167ce4c5d64bfecab7393399e5097a7cf3cf8cac545c
time="2022-09-19T13:02:59+07:00" level=info msg="Maximum request limit has been reached" address=0xA749F6C4163A359ab7eAbFa7DeCc151067F3687A clientIP=127.0.0.1
time="2022-09-19T13:05:43+07:00" level=info msg="Funded directly successfully" address=0xA749F6C4163A359ab7eAbFa7DeCc151067F3687A txHash=0xc47758f021041dd5a626bb4efc8410cdbbd3197cc5566de785605ecc9894b305
time="2022-09-19T13:05:43+07:00" level=info msg="Maximum request limit has been reached" address=0xA749F6C4163A359ab7eAbFa7DeCc151067F3687A clientIP="::1"
time="2022-09-19T13:09:23+07:00" level=info msg="Funded directly successfully" address=0xA749F6C4163A359ab7eAbFa7DeCc151067F3687A txHash=0xd734502c39ef3c80f9701551ac31ea40fc0e48596a20646684535d049a66ed97
time="2022-09-19T13:09:23+07:00" level=info msg="Maximum request limit has been reached" address=0xA749F6C4163A359ab7eAbFa7DeCc151067F3687A clientIP=127.0.0.1
time="2022-09-19T13:10:27+07:00" level=info msg="Funded directly successfully" address=0xA749F6C4163A359ab7eAbFa7DeCc151067F3687A txHash=0x853ffd6752b113ef5f0f777cea425e8bfd269cd34627c6c4ef1492fc5a630273
time="2022-09-19T13:10:27+07:00" level=info msg="Maximum request limit has been reached" address=0xA749F6C4163A359ab7eAbFa7DeCc151067F3687A clientIP=127.0.0.1
time="2022-09-19T13:12:29+07:00" level=info msg="Funded directly successfully" address=0xA2Df69ABb3538335e0b6284a88119AB9Bba7EB81 txHash=0xd20e25342a3ee69aca3a6364ad6836f108a2d3cb00cc2b518828fce7b4ae5ae9
time="2022-09-19T13:12:29+07:00" level=info msg="Maximum request limit has been reached" address=0xA2Df69ABb3538335e0b6284a88119AB9Bba7EB81 clientIP=127.0.0.1
time="2022-09-19T13:24:38+07:00" level=info msg="Funded directly successfully" address=0xA749F6C4163A359ab7eAbFa7DeCc151067F3687A txHash=0x4505f196dcad0bec1674ea9deb6ba47e098dfd05d159f398e0d35c4973860857
time="2022-09-19T13:24:38+07:00" level=info msg="Maximum request limit has been reached" address=0xA749F6C4163A359ab7eAbFa7DeCc151067F3687A clientIP="::1"
time="2022-09-19T13:28:19+07:00" level=info msg="Funded directly successfully" address=0xA749F6C4163A359ab7eAbFa7DeCc151067F3687A txHash=0xed2ddedc15bd06131b406253649b6cde1d5f23e2fc8c7a098aaa1e7c956329ce
time="2022-09-19T13:28:19+07:00" level=info msg="Maximum request limit has been reached" address=0xA749F6C4163A359ab7eAbFa7DeCc151067F3687A clientIP="::1"
time="2022-09-19T13:31:22+07:00" level=info msg="Funded directly successfully" address=0xA749F6C4163A359ab7eAbFa7DeCc151067F3687A txHash=0x22e12151db63bcd3f55ab1aaff4c629d8ccc26594ae42c2af55c8d0d37594d12
time="2022-09-19T13:31:22+07:00" level=info msg="Maximum request limit has been reached" address=0xA749F6C4163A359ab7eAbFa7DeCc151067F3687A clientIP=127.0.0.1
time="2022-09-19T13:32:28+07:00" level=info msg="Funded directly successfully" address=0xA749F6C4163A359ab7eAbFa7DeCc151067F3687A txHash=0x4a83f19179ef6f8bbe4aa7c86adbf1077e418f3314ae8ede5647cdf14896d443
time="2022-09-19T13:32:28+07:00" level=info msg="Maximum request limit has been reached" address=0xA749F6C4163A359ab7eAbFa7DeCc151067F3687A clientIP="::1"
time="2022-09-19T13:34:47+07:00" level=info msg="Funded directly successfully" address=0xA749F6C4163A359ab7eAbFa7DeCc151067F3687A txHash=0x2dbe4874a77866ce905420d16fcaec01f6558dd60e0f620d2f8ee838e9a98a41
time="2022-09-19T13:34:47+07:00" level=info msg="Maximum request limit has been reached" address=0xA749F6C4163A359ab7eAbFa7DeCc151067F3687A clientIP="::1"
time="2022-09-19T13:36:51+07:00" level=info msg="Funded directly successfully" address=0xA749F6C4163A359ab7eAbFa7DeCc151067F3687A txHash=0xade606374518a015cefe360ee44dbd1d730e98543265ac5bd81784604c7dbd1e
time="2022-09-19T13:36:51+07:00" level=info msg="Maximum request limit has been reached" address=0xA749F6C4163A359ab7eAbFa7DeCc151067F3687A clientIP="::1"
time="2022-09-19T13:36:55+07:00" level=info msg="Funded directly successfully" address=0xA2Df69ABb3538335e0b6284a88119AB9Bba7EB81 txHash=0xddeeb961f824fd78f14b175ac5c921082bfb9e247aad65a12b37c394a655ac36
time="2022-09-19T13:36:55+07:00" level=info msg="Maximum request limit has been reached" address=0xA2Df69ABb3538335e0b6284a88119AB9Bba7EB81 clientIP=127.0.0.1
time="2022-09-19T13:39:55+07:00" level=info msg="Funded directly successfully" address=0xA749F6C4163A359ab7eAbFa7DeCc151067F3687A txHash=0xdb444b744596f247041717a4db12c1e0dfee70d06b6fec78289e1142659ca5c2
time="2022-09-19T13:39:55+07:00" level=info msg="Maximum request limit has been reached" address=0xA749F6C4163A359ab7eAbFa7DeCc151067F3687A clientIP=127.0.0.1
time="2022-09-19T13:41:27+07:00" level=info msg="Funded directly successfully" address=0xA749F6C4163A359ab7eAbFa7DeCc151067F3687A txHash=0xc0e3e77609a1cbf3b4a56fd0b73b12243bf5bbda21aca33b9fb9e01b02a941e4
time="2022-09-19T13:41:27+07:00" level=info msg="Maximum request limit has been reached" address=0xA749F6C4163A359ab7eAbFa7DeCc151067F3687A clientIP=127.0.0.1
time="2022-09-19T13:45:01+07:00" level=info msg="Funded directly successfully" address=0xA749F6C4163A359ab7eAbFa7DeCc151067F3687A txHash=0xc35c01d340cc0156fe8d4e828195269a4aedbbb096eeebdc8cba9e751aa27256
time="2022-09-19T13:45:01+07:00" level=info msg="Maximum request limit has been reached" address=0xA749F6C4163A359ab7eAbFa7DeCc151067F3687A clientIP=127.0.0.1
time="2022-09-19T13:49:18+07:00" level=info msg="Funded directly successfully" address=0xA749F6C4163A359ab7eAbFa7DeCc151067F3687A txHash=0xe94f99d69ee03bd61452afb9901920784a7e55df67ca4b651d948656c6b32ecf
time="2022-09-19T13:49:18+07:00" level=info msg="Maximum request limit has been reached" address=0xA749F6C4163A359ab7eAbFa7DeCc151067F3687A clientIP="::1"
time="2022-09-19T14:04:55+07:00" level=info msg="Funded directly successfully" address=0xA749F6C4163A359ab7eAbFa7DeCc151067F3687A txHash=0x76d118b3e9f1faff27c9f1ef42bda9449ccf57a8b5bf1e4c08bf91629927be65
time="2022-09-19T14:04:55+07:00" level=info msg="Maximum request limit has been reached" address=0xA749F6C4163A359ab7eAbFa7DeCc151067F3687A clientIP="::1"
time="2022-09-19T14:12:17+07:00" level=info msg="Funded directly successfully" address=0xA749F6C4163A359ab7eAbFa7DeCc151067F3687A txHash=0xd3cfe7e8a46539cf65724401615061cbbc32890f7b853faf751e0487bda38c06
time="2022-09-19T14:12:17+07:00" level=info msg="Maximum request limit has been reached" address=0xA749F6C4163A359ab7eAbFa7DeCc151067F3687A clientIP="::1"
time="2022-09-19T14:16:32+07:00" level=info msg="Funded directly successfully" address=0xA749F6C4163A359ab7eAbFa7DeCc151067F3687A txHash=0xb6e47d53a3aabc7c913069e7245746ba697069797c0a31eee1837d0c816686cd
time="2022-09-19T14:16:32+07:00" level=info msg="Maximum request limit has been reached" address=0xA749F6C4163A359ab7eAbFa7DeCc151067F3687A clientIP="::1"
time="2022-09-19T14:19:43+07:00" level=info msg="Funded directly successfully" address=0xA749F6C4163A359ab7eAbFa7DeCc151067F3687A txHash=0x077a2ab6e950849642044b41c5d5f09565778c05a789dceea77727d0ae8bb79d
time="2022-09-19T14:19:43+07:00" level=info msg="Maximum request limit has been reached" address=0xA749F6C4163A359ab7eAbFa7DeCc151067F3687A clientIP="::1"
time="2022-09-19T14:21:47+07:00" level=info msg="Funded directly successfully" address=0xA749F6C4163A359ab7eAbFa7DeCc151067F3687A txHash=0xd66fdedfa57087eb3da01bf2fdec20e3a6441e6545c09dbc0fd02d99f538aaf0
time="2022-09-19T14:21:47+07:00" level=info msg="Maximum request limit has been reached" address=0xA749F6C4163A359ab7eAbFa7DeCc151067F3687A clientIP=127.0.0.1
time="2022-09-19T14:25:35+07:00" level=info msg="Funded directly successfully" address=0xA749F6C4163A359ab7eAbFa7DeCc151067F3687A txHash=0x39b444c1a3df1725cb91cc167f78f3eb55560f4f31ec430d389ce6c74c66f6bc
time="2022-09-19T14:25:35+07:00" level=info msg="Maximum request limit has been reached" address=0xA749F6C4163A359ab7eAbFa7DeCc151067F3687A clientIP="::1"
time="2022-09-19T14:26:39+07:00" level=info msg="Funded directly successfully" address=0xA749F6C4163A359ab7eAbFa7DeCc151067F3687A txHash=0x5fdeda05fa07c9b33620cafdb013c06274f844d86fbc2904e6381ed1714a965a
time="2022-09-19T14:26:39+07:00" level=info msg="Maximum request limit has been reached" address=0xA749F6C4163A359ab7eAbFa7DeCc151067F3687A clientIP="::1"
time="2022-09-19T14:30:53+07:00" level=info msg="Funded directly successfully" address=0xA749F6C4163A359ab7eAbFa7DeCc151067F3687A txHash=0xf551175554d3b5c4b9080ccf1f9a57fb434b941eb6762035f9c0cfe3bfc28dec
time="2022-09-19T14:30:53+07:00" level=info msg="Maximum request limit has been reached" address=0xA749F6C4163A359ab7eAbFa7DeCc151067F3687A clientIP="::1"
time="2022-09-19T14:32:33+07:00" level=info msg="Funded directly successfully" address=0xA749F6C4163A359ab7eAbFa7DeCc151067F3687A txHash=0x97728f3695ace64c31d09376b13de28a902f533a37f0c2d471e66b03377e85b0
time="2022-09-19T14:32:33+07:00" level=info msg="Maximum request limit has been reached" address=0xA749F6C4163A359ab7eAbFa7DeCc151067F3687A clientIP="::1"
time="2022-09-19T14:37:00+07:00" level=info msg="Funded directly successfully" address=0xA749F6C4163A359ab7eAbFa7DeCc151067F3687A txHash=0x19877bc2f0bbc4382057ce7369486b043ea2bd9dc9a802a79722c5887c03a13a
time="2022-09-19T14:37:00+07:00" level=info msg="Maximum request limit has been reached" address=0xA749F6C4163A359ab7eAbFa7DeCc151067F3687A clientIP=127.0.0.1
time="2022-09-19T14:38:34+07:00" level=info msg="Funded directly successfully" address=0xA749F6C4163A359ab7eAbFa7DeCc151067F3687A txHash=0x858d21224965cba3f80c835c9e1d5c0b7db7508b84a670e9133abc530e60abad
time="2022-09-19T14:38:34+07:00" level=info msg="Maximum request limit has been reached" address=0xA749F6C4163A359ab7eAbFa7DeCc151067F3687A clientIP="::1"
time="2022-09-19T14:39:47+07:00" level=info msg="Funded directly successfully" address=0xA749F6C4163A359ab7eAbFa7DeCc151067F3687A txHash=0xd57d1663857bdd96f1be0eb09e86319b6b6bcc0475d25857d4a2ff17d23204cb
time="2022-09-19T14:39:47+07:00" level=info msg="Maximum request limit has been reached" address=0xA749F6C4163A359ab7eAbFa7DeCc151067F3687A clientIP="::1"
time="2022-09-19T14:42:20+07:00" level=info msg="Funded directly successfully" address=0xA749F6C4163A359ab7eAbFa7DeCc151067F3687A txHash=0x66e9856ca5fa17452f252391e53f168a4e2df4d2a367daa2be1145028a697361
time="2022-09-19T14:42:20+07:00" level=info msg="Maximum request limit has been reached" address=0xA749F6C4163A359ab7eAbFa7DeCc151067F3687A clientIP="::1"
time="2022-09-19T14:45:21+07:00" level=info msg="Funded directly successfully" address=0xA749F6C4163A359ab7eAbFa7DeCc151067F3687A txHash=0x600dd0af38f33c2c461f8bc94d99b9267fb77ee45684e237be9544cfbcbbbeec
time="2022-09-19T14:45:21+07:00" level=info msg="Maximum request limit has been reached" address=0xA749F6C4163A359ab7eAbFa7DeCc151067F3687A clientIP="::1"
time="2022-09-19T14:48:14+07:00" level=info msg="Funded directly successfully" address=0xA749F6C4163A359ab7eAbFa7DeCc151067F3687A txHash=0x03317992b833d25af4488d8ecbd353477cbc48c305a81d9bc45bea6dbf1b73c9
time="2022-09-19T14:48:14+07:00" level=info msg="Maximum request limit has been reached" address=0xA749F6C4163A359ab7eAbFa7DeCc151067F3687A clientIP=127.0.0.1
time="2022-09-19T14:51:18+07:00" level=info msg="Funded directly successfully" address=0xA749F6C4163A359ab7eAbFa7DeCc151067F3687A txHash=0x2eae7aa2ebdb6632cb63ea4470476c6d6a3be9c501d3b7b12675b6ad4012089f
time="2022-09-19T14:51:18+07:00" level=info msg="Maximum request limit has been reached" address=0xA749F6C4163A359ab7eAbFa7DeCc151067F3687A clientIP=127.0.0.1
time="2022-09-19T14:53:10+07:00" level=info msg="Funded directly successfully" address=0xA749F6C4163A359ab7eAbFa7DeCc151067F3687A txHash=0x2b259f8313cd80a029b07d5da72e8e97e33abec7b9b6a69ffe3ccbb91c994ce0
time="2022-09-19T14:53:10+07:00" level=info msg="Maximum request limit has been reached" address=0xA749F6C4163A359ab7eAbFa7DeCc151067F3687A clientIP="::1"
time="2022-09-19T15:47:18+07:00" level=info msg="Funded directly successfully" address=0x85371ed47A278De3463a60D12f134034DCd0b23B txHash=0xc8f26b90821b9e7c0311fd199c086e7fd18ea4424a7b45b5417a044b9ed5e684
time="2022-09-19T15:47:18+07:00" level=info msg="Maximum request limit has been reached" address=0x85371ed47A278De3463a60D12f134034DCd0b23B clientIP=127.0.0.1
time="2022-09-19T16:23:14+07:00" level=info msg="Funded directly successfully" address=0x85371ed47A278De3463a60D12f134034DCd0b23B txHash=0xde304aec18672d80d8f8912b0a8c2138a9de6acb88d151f437f6865de7742fd1
time="2022-09-19T16:23:14+07:00" level=info msg="Maximum request limit has been reached" address=0x85371ed47A278De3463a60D12f134034DCd0b23B clientIP="::1"
time="2022-09-19T20:28:29+07:00" level=info msg="Funded directly successfully" address=0xDa53C990690AEa5d5cD49982D822CA35277086a6 txHash=0xd70fc1a8204c8717faa736a7080261e458db4a99996c1e93c5e37f62b15542f9
time="2022-09-19T20:28:29+07:00" level=info msg="Maximum request limit has been reached" address=0xDa53C990690AEa5d5cD49982D822CA35277086a6 clientIP=127.0.0.1
time="2022-09-19T20:29:59+07:00" level=info msg="Funded directly successfully" address=0xDa53C990690AEa5d5cD49982D822CA35277086a6 txHash=0x9840d049683e6aa344e76d3fa06e3922ec4cb0fcdae9034f7082dd0a534f9875
time="2022-09-19T20:29:59+07:00" level=info msg="Maximum request limit has been reached" address=0xDa53C990690AEa5d5cD49982D822CA35277086a6 clientIP=127.0.0.1
time="2022-09-19T20:31:48+07:00" level=info msg="Funded directly successfully" address=0xDa53C990690AEa5d5cD49982D822CA35277086a6 txHash=0xd8578dabecded745fbf4359656e2a2af228645611cd1d346af45b41d7873c4e6
time="2022-09-19T20:31:48+07:00" level=info msg="Maximum request limit has been reached" address=0xDa53C990690AEa5d5cD49982D822CA35277086a6 clientIP=127.0.0.1
time="2022-09-19T20:33:23+07:00" level=info msg="Funded directly successfully" address=0xDa53C990690AEa5d5cD49982D822CA35277086a6 txHash=0xce6dd7e325483b077eef5f2d95cfdb5bf74a99e6567a7d52e41a1859f70ab24a
time="2022-09-19T20:33:23+07:00" level=info msg="Maximum request limit has been reached" address=0xDa53C990690AEa5d5cD49982D822CA35277086a6 clientIP=127.0.0.1
time="2022-09-19T20:34:38+07:00" level=info msg="Funded directly successfully" address=0xDa53C990690AEa5d5cD49982D822CA35277086a6 txHash=0xa35c0b3e65c601369cd02b1cf94965ba3b11ddfdc12568f249e224cb6100e4be
time="2022-09-19T20:34:38+07:00" level=info msg="Maximum request limit has been reached" address=0xDa53C990690AEa5d5cD49982D822CA35277086a6 clientIP=127.0.0.1
time="2022-09-19T20:35:40+07:00" level=info msg="Funded directly successfully" address=0xDa53C990690AEa5d5cD49982D822CA35277086a6 txHash=0x8c210bb9a3b550161324136a669d6ccf4b4892b103fe14a7ffd077a833f39953
time="2022-09-19T20:35:40+07:00" level=info msg="Maximum request limit has been reached" address=0xDa53C990690AEa5d5cD49982D822CA35277086a6 clientIP="::1"
time="2022-09-19T20:36:52+07:00" level=info msg="Funded directly successfully" address=0xDa53C990690AEa5d5cD49982D822CA35277086a6 txHash=0xd9d542032e38c7f8e983e252b9f060c153144dcc0bb60c77bb41d7c08f7ce23a
time="2022-09-19T20:36:52+07:00" level=info msg="Maximum request limit has been reached" address=0xDa53C990690AEa5d5cD49982D822CA35277086a6 clientIP="::1"
time="2022-09-19T20:38:04+07:00" level=info msg="Funded directly successfully" address=0xDa53C990690AEa5d5cD49982D822CA35277086a6 txHash=0x73022822df5ffc0d893a60d3573d0921d3a5660bd95ca0bb5b14950256fe1557
time="2022-09-19T20:38:04+07:00" level=info msg="Maximum request limit has been reached" address=0xDa53C990690AEa5d5cD49982D822CA35277086a6 clientIP=127.0.0.1
time="2022-09-19T20:40:19+07:00" level=info msg="Funded directly successfully" address=0x071c0a83F3CdF42FFeB49810bc4CF0d18dEbD6aB txHash=0x2ccdd9200b2e9c53e83e494b3dda7aa033a2d5534d20734666c8739356d48d11
time="2022-09-19T20:40:19+07:00" level=info msg="Maximum request limit has been reached" address=0x071c0a83F3CdF42FFeB49810bc4CF0d18dEbD6aB clientIP=127.0.0.1
time="2022-09-19T20:40:42+07:00" level=info msg="Funded directly successfully" address=0xDa53C990690AEa5d5cD49982D822CA35277086a6 txHash=0x00b1102a9236f53dca6491deffe27bd82bc80f63622f092b7dd5a0a6d0bd16f8
time="2022-09-19T20:40:42+07:00" level=info msg="Maximum request limit has been reached" address=0xDa53C990690AEa5d5cD49982D822CA35277086a6 clientIP="::1"
time="2022-09-19T20:42:53+07:00" level=info msg="Funded directly successfully" address=0xDa53C990690AEa5d5cD49982D822CA35277086a6 txHash=0xf808361cccc0846afdd2d7af0063b554dbaf7b387ed70594bd59a11086d38ad5
time="2022-09-19T20:42:53+07:00" level=info msg="Maximum request limit has been reached" address=0xDa53C990690AEa5d5cD49982D822CA35277086a6 clientIP="::1"
time="2022-09-19T20:44:29+07:00" level=info msg="Funded directly successfully" address=0xDa53C990690AEa5d5cD49982D822CA35277086a6 txHash=0x83f4bdcfc6867307ac3b35cbb42f21dca5ef4729066047ebd0fde69d18e4faf6
time="2022-09-19T20:44:29+07:00" level=info msg="Maximum request limit has been reached" address=0xDa53C990690AEa5d5cD49982D822CA35277086a6 clientIP="::1"
time="2022-09-19T20:45:31+07:00" level=info msg="Funded directly successfully" address=0xDa53C990690AEa5d5cD49982D822CA35277086a6 txHash=0xccb50bc447485ffc7882359b72445480427a7f1f7065cedffa9582a9981253a2
time="2022-09-19T20:45:31+07:00" level=info msg="Maximum request limit has been reached" address=0xDa53C990690AEa5d5cD49982D822CA35277086a6 clientIP=127.0.0.1
time="2022-09-19T20:57:27+07:00" level=info msg="Funded directly successfully" address=0xDa53C990690AEa5d5cD49982D822CA35277086a6 txHash=0xf135866893f907ced2818d4d8041cd798c59a38479fb5f9d1064511c311f271e
time="2022-09-19T20:57:27+07:00" level=info msg="Maximum request limit has been reached" address=0xDa53C990690AEa5d5cD49982D822CA35277086a6 clientIP="::1"
time="2022-09-19T21:01:59+07:00" level=info msg="Funded directly successfully" address=0xDa53C990690AEa5d5cD49982D822CA35277086a6 txHash=0xdf96e9e3e624d8b3d756918d656be1c437b36250d77d71ede5ac60b1ce9377e4
time="2022-09-19T21:01:59+07:00" level=info msg="Maximum request limit has been reached" address=0xDa53C990690AEa5d5cD49982D822CA35277086a6 clientIP=127.0.0.1
time="2022-09-19T21:07:43+07:00" level=info msg="Funded directly successfully" address=0xDa53C990690AEa5d5cD49982D822CA35277086a6 txHash=0x2170dce7e691ea656ac0e26bfce84054d21d27f46d0dff068f075043d70edc7b
time="2022-09-19T21:07:43+07:00" level=info msg="Maximum request limit has been reached" address=0xDa53C990690AEa5d5cD49982D822CA35277086a6 clientIP=127.0.0.1
time="2022-09-19T21:09:27+07:00" level=info msg="Funded directly successfully" address=0xDa53C990690AEa5d5cD49982D822CA35277086a6 txHash=0x136c1ba0d9786720a5d91b9e9b3740ea28a45247c1459e80f3b489630b57d3a1
time="2022-09-19T21:09:27+07:00" level=info msg="Maximum request limit has been reached" address=0xDa53C990690AEa5d5cD49982D822CA35277086a6 clientIP="::1"
time="2022-09-19T21:13:13+07:00" level=info msg="Funded directly successfully" address=0xDa53C990690AEa5d5cD49982D822CA35277086a6 txHash=0xce713b30b7332bbb46bc0c3f6e1774dd6b069a8e1c874dc6ef9253587ff219bf
time="2022-09-19T21:13:13+07:00" level=info msg="Maximum request limit has been reached" address=0xDa53C990690AEa5d5cD49982D822CA35277086a6 clientIP="::1"
time="2022-09-19T21:14:37+07:00" level=info msg="Funded directly successfully" address=0xDa53C990690AEa5d5cD49982D822CA35277086a6 txHash=0xc0aa5cce496c0074be46b6a1c619d7d8710a4ef494b1b45bab61f4724b86dffa
time="2022-09-19T21:14:37+07:00" level=info msg="Maximum request limit has been reached" address=0xDa53C990690AEa5d5cD49982D822CA35277086a6 clientIP=127.0.0.1
time="2022-09-19T21:15:44+07:00" level=info msg="Funded directly successfully" address=0xDa53C990690AEa5d5cD49982D822CA35277086a6 txHash=0x773311a5de48fef8a9d275927fb83ba4c245226536cce001104d4c87959388e9
time="2022-09-19T21:15:44+07:00" level=info msg="Maximum request limit has been reached" address=0xDa53C990690AEa5d5cD49982D822CA35277086a6 clientIP="::1"
time="2022-09-19T21:17:05+07:00" level=info msg="Funded directly successfully" address=0xDa53C990690AEa5d5cD49982D822CA35277086a6 txHash=0xf02ba45f2a46f583867c28266c23cb9640ac7a7a5a8887651dd56588df9fd98e
time="2022-09-19T21:17:05+07:00" level=info msg="Maximum request limit has been reached" address=0xDa53C990690AEa5d5cD49982D822CA35277086a6 clientIP="::1"
time="2022-09-19T21:18:13+07:00" level=info msg="Funded directly successfully" address=0xDa53C990690AEa5d5cD49982D822CA35277086a6 txHash=0x82b94faf9d967e5d0ce3664351701d5aa8c4a225e803bcae0fc9bceebcc2601b
time="2022-09-19T21:18:13+07:00" level=info msg="Maximum request limit has been reached" address=0xDa53C990690AEa5d5cD49982D822CA35277086a6 clientIP="::1"
time="2022-09-19T21:20:13+07:00" level=info msg="Funded directly successfully" address=0xDa53C990690AEa5d5cD49982D822CA35277086a6 txHash=0xc63e3fed1e28125b31f0a51f0af8b26300ebbb21215d9667ae2acc541130507f
time="2022-09-19T21:20:13+07:00" level=info msg="Maximum request limit has been reached" address=0xDa53C990690AEa5d5cD49982D822CA35277086a6 clientIP="::1"
time="2022-09-19T21:21:11+07:00" level=info msg="Funded directly successfully" address=0x0C3286358ad44A3914E3f21e17426cba31cf7148 txHash=0x064d7db71896cf6109cec8b60b64584ef9ef8d18ad28c4e67b670c11a98f1e58
time="2022-09-19T21:21:11+07:00" level=info msg="Maximum request limit has been reached" address=0x0C3286358ad44A3914E3f21e17426cba31cf7148 clientIP=127.0.0.1
time="2022-09-19T21:22:19+07:00" level=info msg="Funded directly successfully" address=0xDa53C990690AEa5d5cD49982D822CA35277086a6 txHash=0x47e3a445493a6ae52613c642c0d494a7d48d397148798c1d08ffa286ece8726a
time="2022-09-19T21:22:19+07:00" level=info msg="Maximum request limit has been reached" address=0xDa53C990690AEa5d5cD49982D822CA35277086a6 clientIP="::1"
time="2022-09-19T21:24:52+07:00" level=info msg="Funded directly successfully" address=0xDa53C990690AEa5d5cD49982D822CA35277086a6 txHash=0xe537147749820edb0a4ea72292a12527b75a14b6318b67f0e257fc69cca74ab4
time="2022-09-19T21:24:52+07:00" level=info msg="Maximum request limit has been reached" address=0xDa53C990690AEa5d5cD49982D822CA35277086a6 clientIP="::1"
time="2022-09-19T21:27:15+07:00" level=info msg="Funded directly successfully" address=0xDa53C990690AEa5d5cD49982D822CA35277086a6 txHash=0xc07105f2c6733150c38d302989f24e1242fbc0948cb0c34780c4a8504671df2f
time="2022-09-19T21:27:15+07:00" level=info msg="Maximum request limit has been reached" address=0xDa53C990690AEa5d5cD49982D822CA35277086a6 clientIP=127.0.0.1
time="2022-09-19T21:28:20+07:00" level=info msg="Funded directly successfully" address=0xDa53C990690AEa5d5cD49982D822CA35277086a6 txHash=0x5984510f2804a2eb697de28dcf02515e23119e4afa1dd6914023cc2e1b9df304
time="2022-09-19T21:28:20+07:00" level=info msg="Maximum request limit has been reached" address=0xDa53C990690AEa5d5cD49982D822CA35277086a6 clientIP=127.0.0.1
time="2022-09-19T21:30:56+07:00" level=info msg="Funded directly successfully" address=0xDa53C990690AEa5d5cD49982D822CA35277086a6 txHash=0x377edffa42364cc0ef0de6e508771b88c6775e367b2abd6d1daef8dc5769b9db
time="2022-09-19T21:30:56+07:00" level=info msg="Maximum request limit has been reached" address=0xDa53C990690AEa5d5cD49982D822CA35277086a6 clientIP="::1"
time="2022-09-19T21:36:33+07:00" level=info msg="Funded directly successfully" address=0xDa53C990690AEa5d5cD49982D822CA35277086a6 txHash=0x6fd1c6ab0870b590b26af19ab5971809d0f3182619d7e5e80f0faddc689499f0
time="2022-09-19T21:36:33+07:00" level=info msg="Maximum request limit has been reached" address=0xDa53C990690AEa5d5cD49982D822CA35277086a6 clientIP="::1"
time="2022-09-19T21:45:25+07:00" level=info msg="Funded directly successfully" address=0xDa53C990690AEa5d5cD49982D822CA35277086a6 txHash=0x1849d30a0c5ab4a984b7aa3a3de4320c275039bf3df91bd48ad8773145232a7d
time="2022-09-19T21:45:25+07:00" level=info msg="Maximum request limit has been reached" address=0xDa53C990690AEa5d5cD49982D822CA35277086a6 clientIP="::1"
time="2022-09-19T21:52:41+07:00" level=info msg="Funded directly successfully" address=0xDa53C990690AEa5d5cD49982D822CA35277086a6 txHash=0x6376d6abf2acf00803b222ee6b44494126b81d2de7408392e0946c66a0c042a0
time="2022-09-19T21:52:41+07:00" level=info msg="Maximum request limit has been reached" address=0xDa53C990690AEa5d5cD49982D822CA35277086a6 clientIP="::1"
time="2022-09-19T23:47:34+07:00" level=info msg="Funded directly successfully" address=0xA749F6C4163A359ab7eAbFa7DeCc151067F3687A txHash=0x712388e2f4f83173f8e10073ba942bf6ec77cf7e4e9eb8b24657c0562540b23e
time="2022-09-19T23:47:34+07:00" level=info msg="Maximum request limit has been reached" address=0xA749F6C4163A359ab7eAbFa7DeCc151067F3687A clientIP="::1"
time="2022-09-20T00:02:37+07:00" level=info msg="Funded directly successfully" address=0xA749F6C4163A359ab7eAbFa7DeCc151067F3687A txHash=0xe727f88ae7fa263f6e7a76709dacca78a71b8772e691b38767ef045070ee8082
time="2022-09-20T00:02:37+07:00" level=info msg="Maximum request limit has been reached" address=0xA749F6C4163A359ab7eAbFa7DeCc151067F3687A clientIP=127.0.0.1
time="2022-09-20T00:29:22+07:00" level=info msg="Funded directly successfully" address=0xA2Df69ABb3538335e0b6284a88119AB9Bba7EB81 txHash=0xe0eafc95dea519a0dd96fdf2df23ad266468d26167fde9acaf96719ae2ec44eb
time="2022-09-20T00:29:22+07:00" level=info msg="Maximum request limit has been reached" address=0xA2Df69ABb3538335e0b6284a88119AB9Bba7EB81 clientIP="::1"
time="2022-09-20T00:31:28+07:00" level=info msg="Funded directly successfully" address=0xA2Df69ABb3538335e0b6284a88119AB9Bba7EB81 txHash=0x79c949d6ef6ab5453eb7dbe02e458bb95afaa8769ffdc65bc466ebab87e1201f
time="2022-09-20T00:31:28+07:00" level=info msg="Maximum request limit has been reached" address=0xA2Df69ABb3538335e0b6284a88119AB9Bba7EB81 clientIP=127.0.0.1
time="2022-09-20T00:32:35+07:00" level=info msg="Funded directly successfully" address=0xA2Df69ABb3538335e0b6284a88119AB9Bba7EB81 txHash=0xf2636ba6c2666f6af06b2dc9b26ee05af733933a936cd4088cf6fed5e3d10d97
time="2022-09-20T00:32:35+07:00" level=info msg="Maximum request limit has been reached" address=0xA2Df69ABb3538335e0b6284a88119AB9Bba7EB81 clientIP=127.0.0.1
time="2022-09-20T00:34:29+07:00" level=info msg="Funded directly successfully" address=0xA2Df69ABb3538335e0b6284a88119AB9Bba7EB81 txHash=0xfade6fed694604a5fa1783246698e822a63e12226bb99b20dd5c37be788844bd
time="2022-09-20T00:34:29+07:00" level=info msg="Maximum request limit has been reached" address=0xA2Df69ABb3538335e0b6284a88119AB9Bba7EB81 clientIP=127.0.0.1
time="2022-09-20T00:35:32+07:00" level=info msg="Funded directly successfully" address=0xA2Df69ABb3538335e0b6284a88119AB9Bba7EB81 txHash=0x00b548737e37847a934ee853696ecf169014e3f1d4d3d89143cca45a23d83860
time="2022-09-20T00:35:32+07:00" level=info msg="Maximum request limit has been reached" address=0xA2Df69ABb3538335e0b6284a88119AB9Bba7EB81 clientIP="::1"
time="2022-09-20T00:44:16+07:00" level=info msg="Funded directly successfully" address=0xad1467cfCA4eEE70F2EDF18B27C657e1bd7eBC19 txHash=0x39298839694094667cf3f1d71be9ae0374e2e6958de129d977be4688e502fd31
time="2022-09-20T00:44:16+07:00" level=info msg="Maximum request limit has been reached" address=0xad1467cfCA4eEE70F2EDF18B27C657e1bd7eBC19 clientIP=127.0.0.1
time="2022-09-20T00:45:18+07:00" level=info msg="Funded directly successfully" address=0xad1467cfCA4eEE70F2EDF18B27C657e1bd7eBC19 txHash=0x779ec5eebafbc1bd226429d850b63e1b3bcddf5b9acf9dd45458491ba929d144
time="2022-09-20T00:45:18+07:00" level=info msg="Maximum request limit has been reached" address=0xad1467cfCA4eEE70F2EDF18B27C657e1bd7eBC19 clientIP=127.0.0.1
time="2022-09-20T00:46:26+07:00" level=info msg="Funded directly successfully" address=0xad1467cfCA4eEE70F2EDF18B27C657e1bd7eBC19 txHash=0xc3676b3c188116cfe7751bb154488dc143b0adaffcfe706d33b3f85ab899f618
time="2022-09-20T00:46:26+07:00" level=info msg="Maximum request limit has been reached" address=0xad1467cfCA4eEE70F2EDF18B27C657e1bd7eBC19 clientIP="::1"
time="2022-09-20T00:47:39+07:00" level=info msg="Funded directly successfully" address=0xad1467cfCA4eEE70F2EDF18B27C657e1bd7eBC19 txHash=0x04bc7152c5da4980b322d7de16e46139e8d0b37c0fd1c48e8f28f39520186aac
time="2022-09-20T00:47:39+07:00" level=info msg="Maximum request limit has been reached" address=0xad1467cfCA4eEE70F2EDF18B27C657e1bd7eBC19 clientIP=127.0.0.1
time="2022-09-20T00:49:10+07:00" level=info msg="Funded directly successfully" address=0xad1467cfCA4eEE70F2EDF18B27C657e1bd7eBC19 txHash=0xdaafb8f28ac2476901baddcc0bd6883e6ea6fa984bca08e8fe0bcbc5166dcf7f
time="2022-09-20T00:49:10+07:00" level=info msg="Maximum request limit has been reached" address=0xad1467cfCA4eEE70F2EDF18B27C657e1bd7eBC19 clientIP="::1"
time="2022-09-20T00:59:48+07:00" level=info msg="Funded directly successfully" address=0xad1467cfCA4eEE70F2EDF18B27C657e1bd7eBC19 txHash=0xe499a5d8f8ab79f3f88876294968b27d51a5faa1dd1f99581272e4165e782d4e
time="2022-09-20T00:59:48+07:00" level=info msg="Maximum request limit has been reached" address=0xad1467cfCA4eEE70F2EDF18B27C657e1bd7eBC19 clientIP=127.0.0.1
time="2022-09-20T01:08:04+07:00" level=info msg="Funded directly successfully" address=0xad1467cfCA4eEE70F2EDF18B27C657e1bd7eBC19 txHash=0x436c219dcb60a3dd53ede128ac0b110968d67ad6a8568bb9353148e852ba63b3
time="2022-09-20T01:08:04+07:00" level=info msg="Maximum request limit has been reached" address=0xad1467cfCA4eEE70F2EDF18B27C657e1bd7eBC19 clientIP="::1"
time="2022-09-20T01:20:11+07:00" level=info msg="Funded directly successfully" address=0xad1467cfCA4eEE70F2EDF18B27C657e1bd7eBC19 txHash=0x73bd3c22bb7a9d0463f35c8b7406b464f3436e939c7727b953e4d2c903136e9f
time="2022-09-20T01:20:11+07:00" level=info msg="Maximum request limit has been reached" address=0xad1467cfCA4eEE70F2EDF18B27C657e1bd7eBC19 clientIP="::1"
time="2022-09-20T01:35:48+07:00" level=info msg="Funded directly successfully" address=0x871120C63459F6cDa0586b84ad7e4631487f02e6 txHash=0x17b3879402dade87ccdaaa54a395c1dccbc6b8defd35a131e0c59923322c802a
time="2022-09-20T01:35:48+07:00" level=info msg="Maximum request limit has been reached" address=0x871120C63459F6cDa0586b84ad7e4631487f02e6 clientIP="::1"
time="2022-09-20T01:37:41+07:00" level=info msg="Funded directly successfully" address=0x871120C63459F6cDa0586b84ad7e4631487f02e6 txHash=0x7a4aceba3bc3b639013342f3ca757ddc1e5b3c59b0494f5b02958a6cfbdccdda
time="2022-09-20T01:37:41+07:00" level=info msg="Maximum request limit has been reached" address=0x871120C63459F6cDa0586b84ad7e4631487f02e6 clientIP=127.0.0.1
time="2022-09-20T01:39:12+07:00" level=info msg="Funded directly successfully" address=0xad1467cfCA4eEE70F2EDF18B27C657e1bd7eBC19 txHash=0x64ebce9c556cea8bee47a30867c94177d567bdcd0f81f78eafabcd57d22b7abd
time="2022-09-20T01:39:12+07:00" level=info msg="Maximum request limit has been reached" address=0xad1467cfCA4eEE70F2EDF18B27C657e1bd7eBC19 clientIP="::1"
time="2022-09-20T01:43:47+07:00" level=info msg="Funded directly successfully" address=0xad1467cfCA4eEE70F2EDF18B27C657e1bd7eBC19 txHash=0x0d2ee30439a0fe129cdaa625b455c42d366cfb589fea7c441f9b3c3265aa48ea
time="2022-09-20T01:43:47+07:00" level=info msg="Maximum request limit has been reached" address=0xad1467cfCA4eEE70F2EDF18B27C657e1bd7eBC19 clientIP="::1"
time="2022-09-20T01:48:49+07:00" level=info msg="Funded directly successfully" address=0xc0eDB2141963bcceCA5d749248f0f7876671eaf2 txHash=0xd57245558f261d1c0863ecfbd6969253a775a1166b8be8af62f4c22a4bf80344
time="2022-09-20T01:48:49+07:00" level=info msg="Maximum request limit has been reached" address=0xc0eDB2141963bcceCA5d749248f0f7876671eaf2 clientIP="::1"
time="2022-09-20T01:50:03+07:00" level=info msg="Funded directly successfully" address=0xad1467cfCA4eEE70F2EDF18B27C657e1bd7eBC19 txHash=0xc5c0d681916b9f40bf0a830eb9e6987444c2329e949768cf9afb0696e04b23c5
time="2022-09-20T01:50:03+07:00" level=info msg="Maximum request limit has been reached" address=0xad1467cfCA4eEE70F2EDF18B27C657e1bd7eBC19 clientIP="::1"
time="2022-09-20T01:51:09+07:00" level=info msg="Funded directly successfully" address=0xad1467cfCA4eEE70F2EDF18B27C657e1bd7eBC19 txHash=0x78252c30a8f4a1f852bcd57587df48127f98f942141e22af348fa93e8b01e5ec
time="2022-09-20T01:51:09+07:00" level=info msg="Maximum request limit has been reached" address=0xad1467cfCA4eEE70F2EDF18B27C657e1bd7eBC19 clientIP="::1"
time="2022-09-20T01:52:16+07:00" level=info msg="Funded directly successfully" address=0xad1467cfCA4eEE70F2EDF18B27C657e1bd7eBC19 txHash=0x40e4208e3226c121d5dd11a5b86a9b701f1826c0dbb53262e5b26c55c3229767
time="2022-09-20T01:52:16+07:00" level=info msg="Maximum request limit has been reached" address=0xad1467cfCA4eEE70F2EDF18B27C657e1bd7eBC19 clientIP="::1"
time="2022-09-20T01:53:17+07:00" level=info msg="Funded directly successfully" address=0xad1467cfCA4eEE70F2EDF18B27C657e1bd7eBC19 txHash=0xc5e59b3c6b47ddc8f446d3274dab4bcfeb827f0060f00c0e9b80d527389f5c22
time="2022-09-20T01:53:17+07:00" level=info msg="Maximum request limit has been reached" address=0xad1467cfCA4eEE70F2EDF18B27C657e1bd7eBC19 clientIP="::1"
time="2022-09-20T01:55:16+07:00" level=info msg="Funded directly successfully" address=0xad1467cfCA4eEE70F2EDF18B27C657e1bd7eBC19 txHash=0xf876feac57a7028d5ae68f834069c309f12dea013efa38b54669738ee2ca9b37
time="2022-09-20T01:55:16+07:00" level=info msg="Maximum request limit has been reached" address=0xad1467cfCA4eEE70F2EDF18B27C657e1bd7eBC19 clientIP=127.0.0.1
time="2022-09-20T01:56:25+07:00" level=info msg="Funded directly successfully" address=0xad1467cfCA4eEE70F2EDF18B27C657e1bd7eBC19 txHash=0x69a129b3a7bce706d79b20f649625fedd513056b77f1af978bbcdd71f6f531f3
time="2022-09-20T01:56:25+07:00" level=info msg="Maximum request limit has been reached" address=0xad1467cfCA4eEE70F2EDF18B27C657e1bd7eBC19 clientIP="::1"
time="2022-09-20T01:57:25+07:00" level=info msg="Funded directly successfully" address=0xad1467cfCA4eEE70F2EDF18B27C657e1bd7eBC19 txHash=0xc3e05220094c1de2056bfe9d130033a780ac55ab5ca06c6e4c8cf8cca5ee4027
time="2022-09-20T01:57:25+07:00" level=info msg="Maximum request limit has been reached" address=0xad1467cfCA4eEE70F2EDF18B27C657e1bd7eBC19 clientIP=127.0.0.1
time="2022-09-20T01:58:39+07:00" level=info msg="Funded directly successfully" address=0xad1467cfCA4eEE70F2EDF18B27C657e1bd7eBC19 txHash=0x2d259d373c900120534dbce81afdf4132d7c105dfa9d711329584c1474675f2a
time="2022-09-20T01:58:39+07:00" level=info msg="Maximum request limit has been reached" address=0xad1467cfCA4eEE70F2EDF18B27C657e1bd7eBC19 clientIP="::1"
time="2022-09-20T01:59:58+07:00" level=info msg="Funded directly successfully" address=0xad1467cfCA4eEE70F2EDF18B27C657e1bd7eBC19 txHash=0xa44dfbcd83ab19bd4f03c4616b50822204342f3acc28fb1a343606ff3562dd75
time="2022-09-20T01:59:58+07:00" level=info msg="Maximum request limit has been reached" address=0xad1467cfCA4eEE70F2EDF18B27C657e1bd7eBC19 clientIP="::1"
time="2022-09-20T02:01:25+07:00" level=info msg="Funded directly successfully" address=0xad1467cfCA4eEE70F2EDF18B27C657e1bd7eBC19 txHash=0x69b94b364cd313c75f825d65748e8d8d49414b6a58cb7c8b53264e5c7f9dc9cf
time="2022-09-20T02:01:25+07:00" level=info msg="Maximum request limit has been reached" address=0xad1467cfCA4eEE70F2EDF18B27C657e1bd7eBC19 clientIP="::1"
time="2022-09-20T02:02:30+07:00" level=info msg="Funded directly successfully" address=0xad1467cfCA4eEE70F2EDF18B27C657e1bd7eBC19 txHash=0x3fcd2cf6609f13f0873617d0c44e5cd146ba81a1fea8a9685b4606ee55608193
time="2022-09-20T02:02:30+07:00" level=info msg="Maximum request limit has been reached" address=0xad1467cfCA4eEE70F2EDF18B27C657e1bd7eBC19 clientIP="::1"
time="2022-09-20T02:03:50+07:00" level=info msg="Funded directly successfully" address=0xad1467cfCA4eEE70F2EDF18B27C657e1bd7eBC19 txHash=0x5a6899f020c9ee6c42b995dea308eb6030e46edb6646d1410437cfbe6607b075
time="2022-09-20T02:03:50+07:00" level=info msg="Maximum request limit has been reached" address=0xad1467cfCA4eEE70F2EDF18B27C657e1bd7eBC19 clientIP="::1"
time="2022-09-20T02:05:02+07:00" level=info msg="Funded directly successfully" address=0xad1467cfCA4eEE70F2EDF18B27C657e1bd7eBC19 txHash=0x529ef605036c06717bd47be42307a191376607f35a8188a99624bcc4af647e3b
time="2022-09-20T02:05:02+07:00" level=info msg="Maximum request limit has been reached" address=0xad1467cfCA4eEE70F2EDF18B27C657e1bd7eBC19 clientIP=127.0.0.1
time="2022-09-20T02:06:40+07:00" level=info msg="Funded directly successfully" address=0xad1467cfCA4eEE70F2EDF18B27C657e1bd7eBC19 txHash=0x41ff754db5fd9057ecb6bd0a0952ea2136ac2c09c0ff17e3eab67b9b2dd30315
time="2022-09-20T02:06:40+07:00" level=info msg="Maximum request limit has been reached" address=0xad1467cfCA4eEE70F2EDF18B27C657e1bd7eBC19 clientIP="::1"
time="2022-09-20T02:07:47+07:00" level=info msg="Funded directly successfully" address=0xad1467cfCA4eEE70F2EDF18B27C657e1bd7eBC19 txHash=0x23efc6c0979957f744ed39cf5559aec892b69477cc748d27a388236e408514af
time="2022-09-20T02:07:47+07:00" level=info msg="Maximum request limit has been reached" address=0xad1467cfCA4eEE70F2EDF18B27C657e1bd7eBC19 clientIP="::1"
time="2022-09-20T02:09:57+07:00" level=info msg="Funded directly successfully" address=0xad1467cfCA4eEE70F2EDF18B27C657e1bd7eBC19 txHash=0x715b441c909a8ad4e7bd2338b8eb2a1d773cceeae49b95f0c5e6364c0ca5616c
time="2022-09-20T02:09:57+07:00" level=info msg="Maximum request limit has been reached" address=0xad1467cfCA4eEE70F2EDF18B27C657e1bd7eBC19 clientIP="::1"
time="2022-09-20T02:11:21+07:00" level=info msg="Funded directly successfully" address=0xad1467cfCA4eEE70F2EDF18B27C657e1bd7eBC19 txHash=0x152fbeabb3365cc6acdc1a8e683f95bb083e953fac7949476b63902210086a3e
time="2022-09-20T02:11:21+07:00" level=info msg="Maximum request limit has been reached" address=0xad1467cfCA4eEE70F2EDF18B27C657e1bd7eBC19 clientIP=127.0.0.1
time="2022-09-20T02:12:22+07:00" level=info msg="Funded directly successfully" address=0xad1467cfCA4eEE70F2EDF18B27C657e1bd7eBC19 txHash=0x4cfda8a8d4681058c34af5d31cee5fd277f0dd73737eaa136fb67f17ad6373ef
time="2022-09-20T02:12:22+07:00" level=info msg="Maximum request limit has been reached" address=0xad1467cfCA4eEE70F2EDF18B27C657e1bd7eBC19 clientIP=127.0.0.1
time="2022-09-20T02:21:29+07:00" level=info msg="Funded directly successfully" address=0xA749F6C4163A359ab7eAbFa7DeCc151067F3687A txHash=0xefad6528ced5f39e497e37092046ed91b18bd3dc287ccedd407ae9c4e09e12f8
time="2022-09-20T02:21:29+07:00" level=info msg="Maximum request limit has been reached" address=0xA749F6C4163A359ab7eAbFa7DeCc151067F3687A clientIP=127.0.0.1
time="2022-09-20T02:36:54+07:00" level=info msg="Funded directly successfully" address=0xad1467cfCA4eEE70F2EDF18B27C657e1bd7eBC19 txHash=0xa0bd3d2952f8625e34543081d01d8bf9d9ea46a18d394d350159726704c5f0d2
time="2022-09-20T02:36:54+07:00" level=info msg="Maximum request limit has been reached" address=0xad1467cfCA4eEE70F2EDF18B27C657e1bd7eBC19 clientIP=127.0.0.1
time="2022-09-20T02:58:44+07:00" level=info msg="Funded directly successfully" address=0xA749F6C4163A359ab7eAbFa7DeCc151067F3687A txHash=0xe77edd5a78fe4529b2ddb8df9f5f5f0e92f6a45c1b9ac367f7d09c5df8423128
time="2022-09-20T02:58:44+07:00" level=info msg="Maximum request limit has been reached" address=0xA749F6C4163A359ab7eAbFa7DeCc151067F3687A clientIP="::1"
time="2022-09-20T03:06:48+07:00" level=info msg="Funded directly successfully" address=0xc0eDB2141963bcceCA5d749248f0f7876671eaf2 txHash=0xdfc91641cfd6f9851e98843a8041aa88e6312a24bbcfda34baed4e98e32d5764
time="2022-09-20T03:06:48+07:00" level=info msg="Maximum request limit has been reached" address=0xc0eDB2141963bcceCA5d749248f0f7876671eaf2 clientIP="::1"
time="2022-09-20T03:08:36+07:00" level=info msg="Funded directly successfully" address=0xc0eDB2141963bcceCA5d749248f0f7876671eaf2 txHash=0xe03037cb03ec98280faef46b4fa4795c6f0813280afc002589caf4d4789ebe3b
time="2022-09-20T03:08:36+07:00" level=info msg="Maximum request limit has been reached" address=0xc0eDB2141963bcceCA5d749248f0f7876671eaf2 clientIP="::1"
time="2022-09-20T03:10:44+07:00" level=info msg="Funded directly successfully" address=0xc0eDB2141963bcceCA5d749248f0f7876671eaf2 txHash=0x2ecd6fcdf8a42fc3aa9ffab2085dc5951c832c2f5d795c9315924a7e7909981c
time="2022-09-20T03:10:44+07:00" level=info msg="Maximum request limit has been reached" address=0xc0eDB2141963bcceCA5d749248f0f7876671eaf2 clientIP=127.0.0.1
time="2022-09-20T03:13:07+07:00" level=info msg="Funded directly successfully" address=0xc0eDB2141963bcceCA5d749248f0f7876671eaf2 txHash=0x4273b6d69cdad2ef8b2e9c684103f42f5be523c38a641871c699adf8309d3535
time="2022-09-20T03:13:07+07:00" level=info msg="Maximum request limit has been reached" address=0xc0eDB2141963bcceCA5d749248f0f7876671eaf2 clientIP=127.0.0.1
time="2022-09-20T03:15:49+07:00" level=info msg="Funded directly successfully" address=0xc0eDB2141963bcceCA5d749248f0f7876671eaf2 txHash=0xf7c7b0b73b7cf367292c6f8d2e0d3782f1291857fbd550bcc2873561849ccca6
time="2022-09-20T03:15:49+07:00" level=info msg="Maximum request limit has been reached" address=0xc0eDB2141963bcceCA5d749248f0f7876671eaf2 clientIP="::1"
time="2022-09-20T03:17:03+07:00" level=info msg="Funded directly successfully" address=0xc0eDB2141963bcceCA5d749248f0f7876671eaf2 txHash=0xada1c6f60368ede1fd8d52bc8cc43585002b1a36133ee0d93afd54081f0ebc77
time="2022-09-20T03:17:03+07:00" level=info msg="Maximum request limit has been reached" address=0xc0eDB2141963bcceCA5d749248f0f7876671eaf2 clientIP="::1"
time="2022-09-20T04:12:36+07:00" level=info msg="Funded directly successfully" address=0xA749F6C4163A359ab7eAbFa7DeCc151067F3687A txHash=0x6ff9cdec1a4bf160c524f6adfd9caff59a6addb6d8b9d940d77821e8db20657c
time="2022-09-20T04:12:36+07:00" level=info msg="Maximum request limit has been reached" address=0xA749F6C4163A359ab7eAbFa7DeCc151067F3687A clientIP="::1"
time="2022-09-20T04:16:03+07:00" level=info msg="Funded directly successfully" address=0xA749F6C4163A359ab7eAbFa7DeCc151067F3687A txHash=0xda1ed81712d7213f837a5e7de30f33ecbb7af0c89311266ca9f8e55d18ae0610
time="2022-09-20T04:16:03+07:00" level=info msg="Maximum request limit has been reached" address=0xA749F6C4163A359ab7eAbFa7DeCc151067F3687A clientIP=127.0.0.1
time="2022-09-20T04:22:06+07:00" level=info msg="Funded directly successfully" address=0xA2Df69ABb3538335e0b6284a88119AB9Bba7EB81 txHash=0x77d9e9bafa684edf29bc77ea0abd44441ca39242302c9c7014757d7a22530b9f
time="2022-09-20T04:22:06+07:00" level=info msg="Maximum request limit has been reached" address=0xA2Df69ABb3538335e0b6284a88119AB9Bba7EB81 clientIP=127.0.0.1
time="2022-09-20T04:40:26+07:00" level=info msg="Funded directly successfully" address=0xA749F6C4163A359ab7eAbFa7DeCc151067F3687A txHash=0x46d80b3661e4752503c1ed6cf3143714a4905969e3a5fa00a66233bb1ad6500f
time="2022-09-20T04:40:26+07:00" level=info msg="Maximum request limit has been reached" address=0xA749F6C4163A359ab7eAbFa7DeCc151067F3687A clientIP="::1"
time="2022-09-20T04:56:03+07:00" level=info msg="Funded directly successfully" address=0xA749F6C4163A359ab7eAbFa7DeCc151067F3687A txHash=0x413f710efce3879220ba8c8b32120c997059827970ec834e62295d0595ceb3b3
time="2022-09-20T04:56:03+07:00" level=info msg="Maximum request limit has been reached" address=0xA749F6C4163A359ab7eAbFa7DeCc151067F3687A clientIP=127.0.0.1
time="2022-09-20T04:57:05+07:00" level=info msg="Funded directly successfully" address=0xA749F6C4163A359ab7eAbFa7DeCc151067F3687A txHash=0x1d4997318ac105e9937031ca51634e0e95e518cb2c3c6d68dfd22bf439191607
time="2022-09-20T04:57:05+07:00" level=info msg="Maximum request limit has been reached" address=0xA749F6C4163A359ab7eAbFa7DeCc151067F3687A clientIP=127.0.0.1
time="2022-09-20T05:22:48+07:00" level=info msg="Funded directly successfully" address=0xA749F6C4163A359ab7eAbFa7DeCc151067F3687A txHash=0xab38e1174f37e60456f83d826db44608672f26f778e486b2ff73583dcb1d9e03
time="2022-09-20T05:22:48+07:00" level=info msg="Maximum request limit has been reached" address=0xA749F6C4163A359ab7eAbFa7DeCc151067F3687A clientIP=127.0.0.1
time="2022-09-20T05:23:50+07:00" level=info msg="Funded directly successfully" address=0xA749F6C4163A359ab7eAbFa7DeCc151067F3687A txHash=0x8637e20010ad13737e979adeb992381994c8f2d06781d1d17a721ca8a7dc8706
time="2022-09-20T05:23:50+07:00" level=info msg="Maximum request limit has been reached" address=0xA749F6C4163A359ab7eAbFa7DeCc151067F3687A clientIP=127.0.0.1
time="2022-09-20T06:22:15+07:00" level=info msg="Funded directly successfully" address=0xc0eDB2141963bcceCA5d749248f0f7876671eaf2 txHash=0x1b3719f9a77d1163d13a22a77cb05f9fc24fd57196b801c577a29321cab346a7
time="2022-09-20T06:22:15+07:00" level=info msg="Maximum request limit has been reached" address=0xc0eDB2141963bcceCA5d749248f0f7876671eaf2 clientIP="::1"
time="2022-09-20T09:59:03+07:00" level=info msg="Funded directly successfully" address=0xc0eDB2141963bcceCA5d749248f0f7876671eaf2 txHash=0xc04cf65803fc708eed31f8e070a2e43704088f6206c85c541c28d82f3d872157
time="2022-09-20T09:59:03+07:00" level=info msg="Maximum request limit has been reached" address=0xc0eDB2141963bcceCA5d749248f0f7876671eaf2 clientIP=127.0.0.1
time="2022-09-20T10:03:42+07:00" level=info msg="Funded directly successfully" address=0xc0eDB2141963bcceCA5d749248f0f7876671eaf2 txHash=0x8dda04109bf09a54d9b7bb99138da461209f490cb77e943fad2ac78f96ff14c9
time="2022-09-20T10:03:42+07:00" level=info msg="Maximum request limit has been reached" address=0xc0eDB2141963bcceCA5d749248f0f7876671eaf2 clientIP="::1"
time="2022-09-20T18:43:35+07:00" level=info msg="Funded directly successfully" address=0x03736d8A5a610423626480380c3bFDF0f30530D1 txHash=0xdb9b9ba38b9310d18144116e05dfdcdb21886eecb0c046e80cb788628166f604
time="2022-09-20T18:43:35+07:00" level=info msg="Maximum request limit has been reached" address=0x03736d8A5a610423626480380c3bFDF0f30530D1 clientIP=127.0.0.1
time="2022-09-20T23:48:30+07:00" level=info msg="Funded directly successfully" address=0x343b53BBc76f3198fE9A1416F51Ae8d08886047E txHash=0xc253c522131c76e81af0c11d60dd345d0ab41c905d8a86f632081ff7734ba968
time="2022-09-20T23:48:30+07:00" level=info msg="Maximum request limit has been reached" address=0x343b53BBc76f3198fE9A1416F51Ae8d08886047E clientIP=127.0.0.1
time="2022-09-20T23:49:21+07:00" level=info msg="Funded directly successfully" address=0x6348fD9b32FDe46858Df5F831e23C011cC6a692D txHash=0x0e7811e641b09322d7b8cb3734331e20d2fc6584892a52cbffabc72cd5117fd5
time="2022-09-20T23:49:21+07:00" level=info msg="Maximum request limit has been reached" address=0x6348fD9b32FDe46858Df5F831e23C011cC6a692D clientIP="::1"
time="2022-09-20T23:50:24+07:00" level=info msg="Funded directly successfully" address=0x6348fD9b32FDe46858Df5F831e23C011cC6a692D txHash=0x5bf47b72358fa99952af4b36dd7a2893ea902f83e3a24070b47fad29c5c3a993
time="2022-09-20T23:50:24+07:00" level=info msg="Maximum request limit has been reached" address=0x6348fD9b32FDe46858Df5F831e23C011cC6a692D clientIP=127.0.0.1
time="2022-09-21T05:45:54+07:00" level=info msg="Funded directly successfully" address=0xc0eDB2141963bcceCA5d749248f0f7876671eaf2 txHash=0x2292054b781d2c84962ed1023a293b9ba0431a387eaee34853d9315b19b9b141
time="2022-09-21T05:45:54+07:00" level=info msg="Maximum request limit has been reached" address=0xc0eDB2141963bcceCA5d749248f0f7876671eaf2 clientIP="::1"
time="2022-09-21T09:18:38+07:00" level=info msg="Funded directly successfully" address=0x0f2A864Dba126dcfb18bD0d801E75729627DCF22 txHash=0xed21e0db679da181599e0e6526d59a634b3a07028484e2c076ad6b23a3f1e1be
time="2022-09-21T09:18:38+07:00" level=info msg="Maximum request limit has been reached" address=0x0f2A864Dba126dcfb18bD0d801E75729627DCF22 clientIP="::1"
time="2022-09-21T09:19:40+07:00" level=info msg="Funded directly successfully" address=0x0f2A864Dba126dcfb18bD0d801E75729627DCF22 txHash=0x433d78ff2eda8e8330a0942b33cdf7d1edb03a71ad04f259b94819661487bd1e
time="2022-09-21T09:19:40+07:00" level=info msg="Maximum request limit has been reached" address=0x0f2A864Dba126dcfb18bD0d801E75729627DCF22 clientIP="::1"
